Build started 4/12/2012 10:32:45 AM.
     1>Project "E:\Intermediate Programming\project_2\project_2\project_2\project_2.vcxproj" on node 2 (build target(s)).
     1>InitializeBuildStatus:
         Creating "Debug\project_2.unsuccessfulbuild" because "AlwaysCreate" was specified.
       ClCompile:
         c:\Program Files\Microsoft Visual Studio 10.0\VC\bin\CL.exe /c /ZI /nologo /W3 /WX- /Od /Oy- /D WIN32 /D _DEBUG /D _CONSOLE /D _UNICODE /D UNICODE /Gm /EHsc /RTC1 /MDd /GS /fp:precise /Zc:wchar_t /Zc:forScope /Fo"Debug\\" /Fd"Debug\vc100.pdb" /Gd /TP /analyze- /errorReport:prompt employee.cpp main.cpp
         main.cpp
         employee.cpp
         Generating Code...
       ManifestResourceCompile:
         All outputs are up-to-date.
       Link:
         c:\Program Files\Microsoft Visual Studio 10.0\VC\bin\link.exe /ERRORREPORT:PROMPT /OUT:"E:\Intermediate Programming\project_2\project_2\Debug\project_2.exe" /INCREMENTAL /NOLOGO kernel32.lib user32.lib gdi32.lib winspool.lib comdlg32.lib advapi32.lib shell32.lib ole32.lib oleaut32.lib uuid.lib odbc32.lib odbccp32.lib /MANIFEST /ManifestFile:"Debug\project_2.exe.intermediate.manifest" /MANIFESTUAC:"level='asInvoker' uiAccess='false'" /DEBUG /PDB:"E:\Intermediate Programming\project_2\project_2\Debug\project_2.pdb" /SUBSYSTEM:CONSOLE /TLBID:1 /DYNAMICBASE /NXCOMPAT /IMPLIB:"E:\Intermediate Programming\project_2\project_2\Debug\project_2.lib" /MACHINE:X86 Debug\project_2.exe.embed.manifest.res
         Debug\employee.obj
         Debug\main.obj
       Manifest:
         C:\Program Files\Microsoft SDKs\Windows\v7.0A\bin\mt.exe /nologo /verbose /out:"Debug\project_2.exe.embed.manifest" /manifest Debug\project_2.exe.intermediate.manifest
         All outputs are up-to-date.
       LinkEmbedManifest:
         All outputs are up-to-date.
         project_2.vcxproj -> E:\Intermediate Programming\project_2\project_2\Debug\project_2.exe
       FinalizeBuildStatus:
         Deleting file "Debug\project_2.unsuccessfulbuild".
         Touching "Debug\project_2.lastbuildstate".
     1>Done Building Project "E:\Intermediate Programming\project_2\project_2\project_2\project_2.vcxproj" (build target(s)).

Build succeeded.

Time Elapsed 00:00:23.46
